# JRE version: 7.0_25-b17
# Java VM: Java HotSpot(TM) 64-Bit Server VM (23.25-b01 mixed mode windows-amd64 compressed oops)
Heap
 PSYoungGen      total 134720K, used 42767K [0x00000000eaab0000, 0x00000000f8b00000, 0x0000000100000000)
  eden space 126336K, 27% used [0x00000000eaab0000,0x00000000ecc47bf8,0x00000000f2610000)
  from space 8384K, 99% used [0x00000000f2610000,0x00000000f2e3c010,0x00000000f2e40000)
  to   space 13760K, 0% used [0x00000000f7d90000,0x00000000f7d90000,0x00000000f8b00000)
 ParOldGen       total 42432K, used 22399K [0x00000000c0000000, 0x00000000c2970000, 0x00000000eaab0000)
  object space 42432K, 52% used [0x00000000c0000000,0x00000000c15dfc58,0x00000000c2970000)
 PSPermGen       total 33536K, used 33473K [0x00000000b0000000, 0x00000000b20c0000, 0x00000000c0000000)
  object space 33536K, 99% used [0x00000000b0000000,0x00000000b20b0748,0x00000000b20c0000)
GC Heap History (10 events):
Event: 4.868 GC heap before
{Heap before GC invocations=5 (full 0):
 PSYoungGen      total 34496K, used 34480K [0x00000000eaab0000, 0x00000000ecef0000, 0x0000000100000000)
  eden space 31872K, 100% used [0x00000000eaab0000,0x00000000ec9d0000,0x00000000ec9d0000)
  from space 2624K, 99% used [0x00000000ecc60000,0x00000000eceec010,0x00000000ecef0000)
  to   space 2624K, 0% used [0x00000000ec9d0000,0x00000000ec9d0000,0x00000000ecc60000)
 ParOldGen       total 42432K, used 5837K [0x00000000c0000000, 0x00000000c2970000, 0x00000000eaab0000)
  object space 42432K, 13% used [0x00000000c0000000,0x00000000c05b3548,0x00000000c2970000)
 PSPermGen       total 21248K, used 18520K [0x00000000b0000000, 0x00000000b14c0000, 0x00000000c0000000)
  object space 21248K, 87% used [0x00000000b0000000,0x00000000b12162e8,0x00000000b14c0000)
Event: 4.879 GC heap after
Heap after GC invocations=5 (full 0):
 PSYoungGen      total 34496K, used 2624K [0x00000000eaab0000, 0x00000000ef790000, 0x0000000100000000)
  eden space 31872K, 0% used [0x00000000eaab0000,0x00000000eaab0000,0x00000000ec9d0000)
  from space 2624K, 100% used [0x00000000ec9d0000,0x00000000ecc60000,0x00000000ecc60000)
  to   space 7488K, 0% used [0x00000000ef040000,0x00000000ef040000,0x00000000ef790000)
 ParOldGen       total 42432K, used 9803K [0x00000000c0000000, 0x00000000c2970000, 0x00000000eaab0000)
  object space 42432K, 23% used [0x00000000c0000000,0x00000000c0992e48,0x00000000c2970000)
 PSPermGen       total 21248K, used 18520K [0x00000000b0000000, 0x00000000b14c0000, 0x00000000c0000000)
  object space 21248K, 87% used [0x00000000b0000000,0x00000000b12162e8,0x00000000b14c0000)
}
Event: 5.482 GC heap before
{Heap before GC invocations=6 (full 0):
 PSYoungGen      total 34496K, used 34496K [0x00000000eaab0000, 0x00000000ef790000, 0x0000000100000000)
  eden space 31872K, 100% used [0x00000000eaab0000,0x00000000ec9d0000,0x00000000ec9d0000)
  from space 2624K, 100% used [0x00000000ec9d0000,0x00000000ecc60000,0x00000000ecc60000)
  to   space 7488K, 0% used [0x00000000ef040000,0x00000000ef040000,0x00000000ef790000)
 ParOldGen       total 42432K, used 9803K [0x00000000c0000000, 0x00000000c2970000, 0x00000000eaab0000)
  object space 42432K, 23% used [0x00000000c0000000,0x00000000c0992e48,0x00000000c2970000)
 PSPermGen       total 21248K, used 21181K [0x00000000b0000000, 0x00000000b14c0000, 0x00000000c0000000)
  object space 21248K, 99% used [0x00000000b0000000,0x00000000b14af6a0,0x00000000b14c0000)
Event: 5.493 GC heap after
Heap after GC invocations=6 (full 0):
 PSYoungGen      total 71104K, used 5580K [0x00000000eaab0000, 0x00000000ef7d0000, 0x0000000100000000)
  eden space 63616K, 0% used [0x00000000eaab0000,0x00000000eaab0000,0x00000000ee8d0000)
  from space 7488K, 74% used [0x00000000ef040000,0x00000000ef5b3318,0x00000000ef790000)
  to   space 7616K, 0% used [0x00000000ee8d0000,0x00000000ee8d0000,0x00000000ef040000)
 ParOldGen       total 42432K, used 9803K [0x00000000c0000000, 0x00000000c2970000, 0x00000000eaab0000)
  object space 42432K, 23% used [0x00000000c0000000,0x00000000c0992e48,0x00000000c2970000)
 PSPermGen       total 21248K, used 21181K [0x00000000b0000000, 0x00000000b14c0000, 0x00000000c0000000)
  object space 21248K, 99% used [0x00000000b0000000,0x00000000b14af6a0,0x00000000b14c0000)
}
Event: 5.837 GC heap before
{Heap before GC invocations=7 (full 0):
 PSYoungGen      total 71104K, used 69196K [0x00000000eaab0000, 0x00000000ef7d0000, 0x0000000100000000)
  eden space 63616K, 100% used [0x00000000eaab0000,0x00000000ee8d0000,0x00000000ee8d0000)
  from space 7488K, 74% used [0x00000000ef040000,0x00000000ef5b3318,0x00000000ef790000)
  to   space 7616K, 0% used [0x00000000ee8d0000,0x00000000ee8d0000,0x00000000ef040000)
 ParOldGen       total 42432K, used 9803K [0x00000000c0000000, 0x00000000c2970000, 0x00000000eaab0000)
  object space 42432K, 23% used [0x00000000c0000000,0x00000000c0992e48,0x00000000c2970000)
 PSPermGen       total 21248K, used 21189K [0x00000000b0000000, 0x00000000b14c0000, 0x00000000c0000000)
  object space 21248K, 99% used [0x00000000b0000000,0x00000000b14b14a8,0x00000000b14c0000)
Event: 5.847 GC heap after
Heap after GC invocations=7 (full 0):
 PSYoungGen      total 71232K, used 3588K [0x00000000eaab0000, 0x00000000f3590000, 0x0000000100000000)
  eden space 63616K, 0% used [0x00000000eaab0000,0x00000000eaab0000,0x00000000ee8d0000)
  from space 7616K, 47% used [0x00000000ee8d0000,0x00000000eec510e0,0x00000000ef040000)
  to   space 7488K, 0% used [0x00000000f2e40000,0x00000000f2e40000,0x00000000f3590000)
 ParOldGen       total 42432K, used 10503K [0x00000000c0000000, 0x00000000c2970000, 0x00000000eaab0000)
  object space 42432K, 24% used [0x00000000c0000000,0x00000000c0a41e78,0x00000000c2970000)
 PSPermGen       total 21248K, used 21189K [0x00000000b0000000, 0x00000000b14c0000, 0x00000000c0000000)
  object space 21248K, 99% used [0x00000000b0000000,0x00000000b14b14a8,0x00000000b14c0000)
}
Event: 6.779 GC heap before
{Heap before GC invocations=8 (full 0):
 PSYoungGen      total 71232K, used 67204K [0x00000000eaab0000, 0x00000000f3590000, 0x0000000100000000)
  eden space 63616K, 100% used [0x00000000eaab0000,0x00000000ee8d0000,0x00000000ee8d0000)
  from space 7616K, 47% used [0x00000000ee8d0000,0x00000000eec510e0,0x00000000ef040000)
  to   space 7488K, 0% used [0x00000000f2e40000,0x00000000f2e40000,0x00000000f3590000)
 ParOldGen       total 42432K, used 10503K [0x00000000c0000000, 0x00000000c2970000, 0x00000000eaab0000)
  object space 42432K, 24% used [0x00000000c0000000,0x00000000c0a41e78,0x00000000c2970000)
 PSPermGen       total 24128K, used 23948K [0x00000000b0000000, 0x00000000b1790000, 0x00000000c0000000)
  object space 24128K, 99% used [0x00000000b0000000,0x00000000b17632e0,0x00000000b1790000)
Event: 6.792 GC heap after
Heap after GC invocations=8 (full 0):
 PSYoungGen      total 133824K, used 7439K [0x00000000eaab0000, 0x00000000f3750000, 0x0000000100000000)
  eden space 126336K, 0% used [0x00000000eaab0000,0x00000000eaab0000,0x00000000f2610000)
  from space 7488K, 99% used [0x00000000f2e40000,0x00000000f3583c78,0x00000000f3590000)
  to   space 8384K, 0% used [0x00000000f2610000,0x00000000f2610000,0x00000000f2e40000)
 ParOldGen       total 42432K, used 11593K [0x00000000c0000000, 0x00000000c2970000, 0x00000000eaab0000)
  object space 42432K, 27% used [0x00000000c0000000,0x00000000c0b52718,0x00000000c2970000)
 PSPermGen       total 24128K, used 23948K [0x00000000b0000000, 0x00000000b1790000, 0x00000000c0000000)
  object space 24128K, 99% used [0x00000000b0000000,0x00000000b17632e0,0x00000000b1790000)
}
Event: 9.851 GC heap before
{Heap before GC invocations=9 (full 0):
 PSYoungGen      total 133824K, used 133775K [0x00000000eaab0000, 0x00000000f3750000, 0x0000000100000000)
  eden space 126336K, 100% used [0x00000000eaab0000,0x00000000f2610000,0x00000000f2610000)
  from space 7488K, 99% used [0x00000000f2e40000,0x00000000f3583c78,0x00000000f3590000)
  to   space 8384K, 0% used [0x00000000f2610000,0x00000000f2610000,0x00000000f2e40000)
 ParOldGen       total 42432K, used 11593K [0x00000000c0000000, 0x00000000c2970000, 0x00000000eaab0000)
  object space 42432K, 27% used [0x00000000c0000000,0x00000000c0b52718,0x00000000c2970000)
 PSPermGen       total 32384K, used 32347K [0x00000000b0000000, 0x00000000b1fa0000, 0x00000000c0000000)
  object space 32384K, 99% used [0x00000000b0000000,0x00000000b1f96c58,0x00000000b1fa0000)
Event: 9.883 GC heap after
Heap after GC invocations=9 (full 0):
 PSYoungGen      total 134720K, used 8368K [0x00000000eaab0000, 0x00000000f8b00000, 0x0000000100000000)
  eden space 126336K, 0% used [0x00000000eaab0000,0x00000000eaab0000,0x00000000f2610000)
  from space 8384K, 99% used [0x00000000f2610000,0x00000000f2e3c010,0x00000000f2e40000)
  to   space 13760K, 0% used [0x00000000f7d90000,0x00000000f7d90000,0x00000000f8b00000)
 ParOldGen       total 42432K, used 22399K [0x00000000c0000000, 0x00000000c2970000, 0x00000000eaab0000)
  object space 42432K, 52% used [0x00000000c0000000,0x00000000c15dfc58,0x00000000c2970000)
 PSPermGen       total 32384K, used 32347K [0x00000000b0000000, 0x00000000b1fa0000, 0x00000000c0000000)
  object space 32384K, 99% used [0x00000000b0000000,0x00000000b1f96c58,0x00000000b1fa0000)
}

